<?xml version="1.0" encoding="UTF-8"?>
<!-- Generated by org.testng.reporters.JUnitReportReporter -->
<testsuite skipped="0" hostname="LTPCHE102076955" name="com.pom.crimson.testcases.TermsOfUse.TermsOfUseEmailPageTest" tests="1" failures="0" timestamp="2021-01-14T01:08:21 IST" time="68.311" errors="0">
  <testcase name="VerifyTermsOfUse_LoginViaEmail" time="68.311" classname="com.pom.crimson.testcases.TermsOfUse.TermsOfUseEmailPageTest"/>
  <system-out/>
</testsuite> <!-- com.pom.crimson.testcases.TermsOfUse.TermsOfUseEmailPageTest -->
