<?xml version="1.0" encoding="UTF-8"?>
<!-- Generated by org.testng.reporters.JUnitReportReporter -->
<testsuite skipped="0" hostname="LTPCHE102076955" name="com.pom.crimson.testcases.explore.smoke.UpdateYourInterestPageTest" tests="4" failures="0" timestamp="2021-01-03T08:46:26 IST" time="357.961" errors="0">
  <testcase name="testDataCreationAssociatedTwoInterest_UpdateYourInterestPageTest" time="48.919" classname="com.pom.crimson.testcases.explore.smoke.UpdateYourInterestPageTest"/>
  <system-out/>
  <testcase name="verifyNavigationToUpdateInterestPage_UpdateYourInterestPageTest" time="90.177" classname="com.pom.crimson.testcases.explore.smoke.UpdateYourInterestPageTest"/>
  <system-out/>
  <testcase name="verifyUpdateInterestOnProfile_UpdateYourInterestPageTest" time="98.472" classname="com.pom.crimson.testcases.explore.smoke.UpdateYourInterestPageTest"/>
  <system-out/>
  <testcase name="verifyCrossBtnOnUpdateInterestPage_UpdateYourInterestPageTest" time="120.393" classname="com.pom.crimson.testcases.explore.smoke.UpdateYourInterestPageTest"/>
  <system-out/>
</testsuite> <!-- com.pom.crimson.testcases.explore.smoke.UpdateYourInterestPageTest -->
