<?xml version="1.0" encoding="UTF-8"?>
<!-- Generated by org.testng.reporters.JUnitReportReporter -->
<testsuite hostname="LTPCHE082135946" failures="0" tests="1" name="com.pom.crimson.testcases.api.CdsControllerAPITest" time="1.789" errors="0" timestamp="2021-01-22T19:17:47 IST" skipped="0">
  <testcase classname="com.pom.crimson.testcases.api.CdsControllerAPITest" name="verifyCdsEntityAPI" time="1.789"/>
  <system-out/>
</testsuite> <!-- com.pom.crimson.testcases.api.CdsControllerAPITest -->
