<?xml version="1.0" encoding="UTF-8"?>
<!-- Generated by org.testng.reporters.JUnitReportReporter -->
<testsuite skipped="0" hostname="LTPCHE102076955" name="com.pom.crimson.testcases.explore.smoke.BasedOnGroupsPageTest" tests="4" failures="0" timestamp="2021-01-15T00:40:27 IST" time="226.150" errors="0">
  <testcase name="userJoinGroup_BasedOnGroupsPageTest" time="29.105" classname="com.pom.crimson.testcases.explore.smoke.BasedOnGroupsPageTest"/>
  <system-out/>
  <testcase name="verifyNavigationJoinMoreGroups_BasedOnGroupsPageTest" time="67.010" classname="com.pom.crimson.testcases.explore.smoke.BasedOnGroupsPageTest"/>
  <system-out/>
  <testcase name="verifyBackButton_BasedOnGroupsPageTest" time="55.313" classname="com.pom.crimson.testcases.explore.smoke.BasedOnGroupsPageTest"/>
  <system-out/>
  <testcase name="verifyNavigationToContentPage_BasedOnGroupsPageTest" time="74.722" classname="com.pom.crimson.testcases.explore.smoke.BasedOnGroupsPageTest"/>
  <system-out/>
</testsuite> <!-- com.pom.crimson.testcases.explore.smoke.BasedOnGroupsPageTest -->
