<?xml version="1.0" encoding="UTF-8"?>
<!-- Generated by org.testng.reporters.JUnitReportReporter -->
<testsuite skipped="0" hostname="LTPCHE102076955" name="com.pom.crimson.testcases.ManageProfile.ManageProfileEmailPageTest_SIT" tests="1" failures="0" timestamp="2021-01-10T00:26:12 IST" time="104.288" errors="0">
  <testcase name="PHBSwitchArchetypeviaEmail" time="104.288" classname="com.pom.crimson.testcases.ManageProfile.ManageProfileEmailPageTest_SIT"/>
  <system-out/>
</testsuite> <!-- com.pom.crimson.testcases.ManageProfile.ManageProfileEmailPageTest_SIT -->
