<?xml version="1.0" encoding="UTF-8"?>
<!-- Generated by org.testng.reporters.JUnitReportReporter -->
<testsuite skipped="0" hostname="LTPCHE102076955" name="com.pom.crimson.testcases.explore.medium.ExplorePageBasedOnGroupsSectionTest" tests="1" failures="0" timestamp="2021-01-03T08:46:26 IST" time="78.640" errors="0">
  <testcase name="verifyYouNotPartGroupsSection_ExplorePageTestBasedOnGroupsSectionTest" time="78.640" classname="com.pom.crimson.testcases.explore.medium.ExplorePageBasedOnGroupsSectionTest"/>
  <system-out/>
</testsuite> <!-- com.pom.crimson.testcases.explore.medium.ExplorePageBasedOnGroupsSectionTest -->
