<?xml version="1.0" encoding="UTF-8"?>
<!-- Generated by org.testng.reporters.JUnitReportReporter -->
<testsuite hostname="LTPCHE082135946" failures="0" tests="1" name="com.pom.crimson.testcases.api.ContentRootControllerAPITest" time="0.344" errors="0" timestamp="2021-01-22T19:17:47 IST" skipped="0">
  <testcase classname="com.pom.crimson.testcases.api.ContentRootControllerAPITest" name="verifyGetContentRootControllerAPI" time="0.344"/>
  <system-out/>
</testsuite> <!-- com.pom.crimson.testcases.api.ContentRootControllerAPITest -->
