<?xml version="1.0" encoding="UTF-8"?>
<!-- Generated by org.testng.reporters.JUnitReportReporter -->
<testsuite skipped="0" hostname="LTPCHE102076955" name="com.pom.crimson.testcases.momentlog.medium.AddNewMomentPageMilestoneTabTest" tests="10" failures="0" timestamp="2021-01-03T08:46:27 IST" time="1496.750" errors="0">
  <testcase name="verifyChildAgeCard_0To3Months_AddNewMomentPageTest" time="152.081" classname="com.pom.crimson.testcases.momentlog.medium.AddNewMomentPageMilestoneTabTest"/>
  <system-out/>
  <testcase name="verifyChildAgeCard_3To6Months_AddNewMomentPageTest" time="151.854" classname="com.pom.crimson.testcases.momentlog.medium.AddNewMomentPageMilestoneTabTest"/>
  <system-out/>
  <testcase name="verifyChildAgeCard_6To9Months_AddNewMomentPageTest" time="151.304" classname="com.pom.crimson.testcases.momentlog.medium.AddNewMomentPageMilestoneTabTest"/>
  <system-out/>
  <testcase name="verifyChildAgeCard_9To12Months_AddNewMomentPageTest" time="151.616" classname="com.pom.crimson.testcases.momentlog.medium.AddNewMomentPageMilestoneTabTest"/>
  <system-out/>
  <testcase name="verifyChildAgeCard_1To3Years_AddNewMomentPageTest" time="152.124" classname="com.pom.crimson.testcases.momentlog.medium.AddNewMomentPageMilestoneTabTest"/>
  <system-out/>
  <testcase name="verifyChildAgeCard_3To5Years_AddNewMomentPageTest" time="153.279" classname="com.pom.crimson.testcases.momentlog.medium.AddNewMomentPageMilestoneTabTest"/>
  <system-out/>
  <testcase name="verifyChildAgeCard_5PlusYears_AddNewMomentPageTest" time="148.532" classname="com.pom.crimson.testcases.momentlog.medium.AddNewMomentPageMilestoneTabTest"/>
  <system-out/>
  <testcase name="verifyPregMilestones_FirstTrem_AddNewMomentPageTest" time="140.764" classname="com.pom.crimson.testcases.momentlog.medium.AddNewMomentPageMilestoneTabTest"/>
  <system-out/>
  <testcase name="verifyPregMilestones_SecondTrem_AddNewMomentPageTest" time="155.394" classname="com.pom.crimson.testcases.momentlog.medium.AddNewMomentPageMilestoneTabTest"/>
  <system-out/>
  <testcase name="verifyPregMilestones_ThirdTrem_AddNewMomentPageTest" time="139.802" classname="com.pom.crimson.testcases.momentlog.medium.AddNewMomentPageMilestoneTabTest"/>
  <system-out/>
</testsuite> <!-- com.pom.crimson.testcases.momentlog.medium.AddNewMomentPageMilestoneTabTest -->
