<?xml version="1.0" encoding="UTF-8"?>
<!-- Generated by org.testng.reporters.JUnitReportReporter -->
<testsuite skipped="4" hostname="LTPCHE102076955" name="com.pom.crimson.testcases.TalktoAIAAgent.TalktoAIAAgentGooglePageTest" tests="5" failures="0" timestamp="2021-01-13T01:48:06 IST" time="10.756" errors="1">
  <testcase name="beforeMethod" time="10.756" classname="com.pom.crimson.testcases.TalktoAIAAgent.TalktoAIAAgentGooglePageTest">
    <error type="org.openqa.selenium.WebDriverException" message="An unknown server-side error occurred while processing the command. Original error: Error executing adbExec. Original error: &#039;Command &#039;C:\\Users\\balaji.sridharan\\AppData\\Local\\Android\\Sdk\\platform-tools\\adb.exe -P 5037 -s emulator-5554 shell pm clear com.aia.rn.th.dp01&#039; exited with code 255&#039;; Stderr: &#039;Exception occurred while executing &#039;clear&#039;:
java.lang.NullPointerException: Attempt to invoke virtual method &#039;boolean com.android.server.wm.RootWindowContainer.finishDisabledPackageActivities(java.lang.String, java.util.Set, boolean, boolean, int)&#039; on a null object reference
	at com.android.server.wm.ActivityTaskManagerService$LocalService.onForceStopPackage(ActivityTaskManagerService.java:6862)
	at com.android.server.am.ActivityManagerService.forceStopPackageLocked(ActivityManagerService.java:4892)
	at com.android.server.am.ActivityManagerService.forceStopPackageLocked(ActivityManagerService.java:4726)
	at com.android.server.am.ActivityManagerService.clearApplicationUserData(ActivityManagerService.java:4262)
	at com.android.server.pm.PackageManagerShellCommand.runClear(PackageManagerShellCommand.java:2095)
	at com.android.server.pm.PackageManagerShellCommand.onCommand(PackageManagerShellCommand.java:228)
	at android.os.BasicShellCommandHandler.exec(BasicShellCommandHandler.java:98)
	at android.os.ShellCommand.exec(ShellCommand.java:44)
	at com.android.server.pm.PackageManagerService.onShellCommand(PackageManagerService.java:21536)
	at android.os.Binder.shellCommand(Binder.java:929)
	at android.os.Binder.onTransact(Binder.java:813)
	at android.content.pm.IPackageManager$Stub.onTransact(IPackageManager.java:4603)
	at com.android.server.pm.PackageManagerService.onTransact(PackageManagerService.java:4302)
	at android.os.Binder.execTransactInternal(Binder.java:1159)
	at android.os.Binder.execTransact(Binder.java:1123)&#039;; Code: &#039;255&#039;
Build info: version: &#039;3.141.59&#039;, revision: &#039;e82be7d358&#039;, time: &#039;2018-11-14T08:17:03&#039;
System info: host: &#039;LTPCHE102076955&#039;, ip: &#039;192.168.1.5&#039;, os.name: &#039;Windows 10&#039;, os.arch: &#039;amd64&#039;, os.version: &#039;10.0&#039;, java.version: &#039;1.8.0_251&#039;
Driver info: io.appium.java_client.android.AndroidDriver
Capabilities {app: C:/Users/balaji.sridharan/D..., appActivity: com.aia.rn.th.dp01.MainActi..., appPackage: com.aia.rn.th.dp01, automationName: UiAutomator2, avd: Pixel_3_API_30, avdLaunchTimeout: 120000, chromeDriverPort: 11000, databaseEnabled: false, desired: {app: C:/Users/balaji.sridharan/D..., appActivity: com.aia.rn.th.dp01.MainActi..., appPackage: com.aia.rn.th.dp01, automationName: UiAutomator2, avd: Pixel_3_API_30, avdLaunchTimeout: 120000, chromeDriverPort: 11000, deviceName: Pixel_3_API_30, fullReset: false, noReset: false, platformName: android, platformVersion: 8.0, resetKeyboard: true, systemPort: 10000, unicodeKeyboard: true}, deviceApiLevel: 30, deviceManufacturer: Google, deviceModel: sdk_gphone_x86, deviceName: emulator-5554, deviceScreenDensity: 440, deviceScreenSize: 1080x2160, deviceUDID: emulator-5554, fullReset: false, javascriptEnabled: true, locationContextEnabled: false, networkConnectionEnabled: true, noReset: false, pixelRatio: 2.75, platform: LINUX, platformName: Android, platformVersion: 11, resetKeyboard: true, statBarHeight: 66, systemPort: 10000, takesScreenshot: true, unicodeKeyboard: true, viewportRect: {height: 1962, left: 0, top: 66, width: 1080}, warnings: {}, webStorageEnabled: false}
Session ID: a5895e91-55fa-4189-9e59-c1c4cbc39f06">
      <![CDATA[org.openqa.selenium.WebDriverException: An unknown server-side error occurred while processing the command. Original error: Error executing adbExec. Original error: 'Command 'C:\\Users\\balaji.sridharan\\AppData\\Local\\Android\\Sdk\\platform-tools\\adb.exe -P 5037 -s emulator-5554 shell pm clear com.aia.rn.th.dp01' exited with code 255'; Stderr: 'Exception occurred while executing 'clear':
java.lang.NullPointerException: Attempt to invoke virtual method 'boolean com.android.server.wm.RootWindowContainer.finishDisabledPackageActivities(java.lang.String, java.util.Set, boolean, boolean, int)' on a null object reference
at com.android.server.wm.ActivityTaskManagerService$LocalService.onForceStopPackage(ActivityTaskManagerService.java:6862)
at com.android.server.am.ActivityManagerService.forceStopPackageLocked(ActivityManagerService.java:4892)
at com.android.server.am.ActivityManagerService.forceStopPackageLocked(ActivityManagerService.java:4726)
at com.android.server.am.ActivityManagerService.clearApplicationUserData(ActivityManagerService.java:4262)
at com.android.server.pm.PackageManagerShellCommand.runClear(PackageManagerShellCommand.java:2095)
at com.android.server.pm.PackageManagerShellCommand.onCommand(PackageManagerShellCommand.java:228)
at android.os.BasicShellCommandHandler.exec(BasicShellCommandHandler.java:98)
at android.os.ShellCommand.exec(ShellCommand.java:44)
at com.android.server.pm.PackageManagerService.onShellCommand(PackageManagerService.java:21536)
at android.os.Binder.shellCommand(Binder.java:929)
at android.os.Binder.onTransact(Binder.java:813)
at android.content.pm.IPackageManager$Stub.onTransact(IPackageManager.java:4603)
at com.android.server.pm.PackageManagerService.onTransact(PackageManagerService.java:4302)
at android.os.Binder.execTransactInternal(Binder.java:1159)
at android.os.Binder.execTransact(Binder.java:1123)'; Code: '255'
Build info: version: '3.141.59', revision: 'e82be7d358', time: '2018-11-14T08:17:03'
System info: host: 'LTPCHE102076955', ip: '192.168.1.5', os.name: 'Windows 10', os.arch: 'amd64', os.version: '10.0', java.version: '1.8.0_251'
Driver info: io.appium.java_client.android.AndroidDriver
Capabilities {app: C:/Users/balaji.sridharan/D..., appActivity: com.aia.rn.th.dp01.MainActi..., appPackage: com.aia.rn.th.dp01, automationName: UiAutomator2, avd: Pixel_3_API_30, avdLaunchTimeout: 120000, chromeDriverPort: 11000, databaseEnabled: false, desired: {app: C:/Users/balaji.sridharan/D..., appActivity: com.aia.rn.th.dp01.MainActi..., appPackage: com.aia.rn.th.dp01, automationName: UiAutomator2, avd: Pixel_3_API_30, avdLaunchTimeout: 120000, chromeDriverPort: 11000, deviceName: Pixel_3_API_30, fullReset: false, noReset: false, platformName: android, platformVersion: 8.0, resetKeyboard: true, systemPort: 10000, unicodeKeyboard: true}, deviceApiLevel: 30, deviceManufacturer: Google, deviceModel: sdk_gphone_x86, deviceName: emulator-5554, deviceScreenDensity: 440, deviceScreenSize: 1080x2160, deviceUDID: emulator-5554, fullReset: false, javascriptEnabled: true, locationContextEnabled: false, networkConnectionEnabled: true, noReset: false, pixelRatio: 2.75, platform: LINUX, platformName: Android, platformVersion: 11, resetKeyboard: true, statBarHeight: 66, systemPort: 10000, takesScreenshot: true, unicodeKeyboard: true, viewportRect: {height: 1962, left: 0, top: 66, width: 1080}, warnings: {}, webStorageEnabled: false}
Session ID: a5895e91-55fa-4189-9e59-c1c4cbc39f06
at sun.reflect.NativeConstructorAccessorImpl.newInstance0(Native Method)
at sun.reflect.NativeConstructorAccessorImpl.newInstance(NativeConstructorAccessorImpl.java:62)
at sun.reflect.DelegatingConstructorAccessorImpl.newInstance(DelegatingConstructorAccessorImpl.java:45)
at java.lang.reflect.Constructor.newInstance(Constructor.java:423)
at org.openqa.selenium.remote.http.W3CHttpResponseCodec.createException(W3CHttpResponseCodec.java:187)
at org.openqa.selenium.remote.http.W3CHttpResponseCodec.decode(W3CHttpResponseCodec.java:122)
at org.openqa.selenium.remote.http.W3CHttpResponseCodec.decode(W3CHttpResponseCodec.java:49)
at org.openqa.selenium.remote.HttpCommandExecutor.execute(HttpCommandExecutor.java:158)
at io.appium.java_client.remote.AppiumCommandExecutor.execute(AppiumCommandExecutor.java:239)
at org.openqa.selenium.remote.RemoteWebDriver.execute(RemoteWebDriver.java:552)
at io.appium.java_client.DefaultGenericMobileDriver.execute(DefaultGenericMobileDriver.java:45)
at io.appium.java_client.AppiumDriver.execute(AppiumDriver.java:1)
at io.appium.java_client.android.AndroidDriver.execute(AndroidDriver.java:1)
at io.appium.java_client.InteractsWithApps.launchApp(InteractsWithApps.java:50)
at com.pom.crimson.base.BaseFixture.beforeMethod(BaseFixture.java:197)
at sun.reflect.GeneratedMethodAccessor74.invoke(Unknown Source)
at sun.reflect.DelegatingMethodAccessorImpl.invoke(DelegatingMethodAccessorImpl.java:43)
at java.lang.reflect.Method.invoke(Method.java:498)
at org.testng.internal.MethodInvocationHelper.invokeMethod(MethodInvocationHelper.java:134)
at org.testng.internal.MethodInvocationHelper.invokeMethodConsideringTimeout(MethodInvocationHelper.java:63)
at org.testng.internal.ConfigInvoker.invokeConfigurationMethod(ConfigInvoker.java:348)
at org.testng.internal.ConfigInvoker.invokeConfigurations(ConfigInvoker.java:302)
at org.testng.internal.TestInvoker.runConfigMethods(TestInvoker.java:695)
at org.testng.internal.TestInvoker.invokeMethod(TestInvoker.java:523)
at org.testng.internal.TestInvoker.invokeTestMethod(TestInvoker.java:173)
at org.testng.internal.MethodRunner.runInSequence(MethodRunner.java:46)
at org.testng.internal.TestInvoker$MethodInvocationAgent.invoke(TestInvoker.java:816)
at org.testng.internal.TestInvoker.invokeTestMethods(TestInvoker.java:146)
at org.testng.internal.TestMethodWorker.invokeTestMethods(TestMethodWorker.java:146)
at org.testng.internal.TestMethodWorker.run(TestMethodWorker.java:128)
at java.util.ArrayList.forEach(ArrayList.java:1257)
at org.testng.TestRunner.privateRun(TestRunner.java:766)
at org.testng.TestRunner.run(TestRunner.java:587)
at org.testng.SuiteRunner.runTest(SuiteRunner.java:384)
at org.testng.SuiteRunner.runSequentially(SuiteRunner.java:378)
at org.testng.SuiteRunner.privateRun(SuiteRunner.java:337)
at org.testng.SuiteRunner.run(SuiteRunner.java:286)
at org.testng.SuiteRunnerWorker.runSuite(SuiteRunnerWorker.java:53)
at org.testng.SuiteRunnerWorker.run(SuiteRunnerWorker.java:96)
at org.testng.TestNG.runSuitesSequentially(TestNG.java:1187)
at org.testng.TestNG.runSuitesLocally(TestNG.java:1109)
at org.testng.TestNG.runSuites(TestNG.java:1039)
at org.testng.TestNG.run(TestNG.java:1007)
at org.testng.remote.AbstractRemoteTestNG.run(AbstractRemoteTestNG.java:115)
at org.testng.remote.RemoteTestNG.initAndRun(RemoteTestNG.java:251)
at org.testng.remote.RemoteTestNG.main(RemoteTestNG.java:77)
]]>
    </error>
  </testcase> <!-- beforeMethod -->
  <system-out/>
  <testcase name="SubmitTalktoAIAAgentSelectAIACustomerYes_WithEmailOption_LoginViaEmail" time="0.000" classname="com.pom.crimson.testcases.TalktoAIAAgent.TalktoAIAAgentGooglePageTest">
    <skipped/>
  </testcase> <!-- SubmitTalktoAIAAgentSelectAIACustomerYes_WithEmailOption_LoginViaEmail -->
  <system-out/>
  <testcase name="SubmitTalktoAIAAgentSelectAIACustomerNo_WithEmailOption_LoginViaEmail" time="0.000" classname="com.pom.crimson.testcases.TalktoAIAAgent.TalktoAIAAgentGooglePageTest">
    <skipped/>
  </testcase> <!-- SubmitTalktoAIAAgentSelectAIACustomerNo_WithEmailOption_LoginViaEmail -->
  <system-out/>
  <testcase name="SubmitTalktoAIAAgentSelectAIACustomerYes_WithPhoneOption_LoginViaEmail" time="0.000" classname="com.pom.crimson.testcases.TalktoAIAAgent.TalktoAIAAgentGooglePageTest">
    <skipped/>
  </testcase> <!-- SubmitTalktoAIAAgentSelectAIACustomerYes_WithPhoneOption_LoginViaEmail -->
  <system-out/>
  <testcase name="SubmitTalktoAIAAgentSelectAIACustomerNo_WithPhoneOption_LoginViaEmail" time="0.000" classname="com.pom.crimson.testcases.TalktoAIAAgent.TalktoAIAAgentGooglePageTest">
    <skipped/>
  </testcase> <!-- SubmitTalktoAIAAgentSelectAIACustomerNo_WithPhoneOption_LoginViaEmail -->
  <system-out/>
</testsuite> <!-- com.pom.crimson.testcases.TalktoAIAAgent.TalktoAIAAgentGooglePageTest -->
