<?xml version="1.0" encoding="UTF-8"?>
<!-- Generated by org.testng.reporters.JUnitReportReporter -->
<testsuite skipped="0" hostname="LTPCHE102076955" name="com.pom.crimson.testcases.TalktoAIAAgent.TalktoAIAAgentApplePageTest" tests="4" failures="0" timestamp="2021-01-04T03:50:58 IST" time="421.974" errors="0">
  <testcase name="SubmitTalktoAIAAgentSelectAIACustomerYes_WithEmailOption_LoginViaApple" time="97.037" classname="com.pom.crimson.testcases.TalktoAIAAgent.TalktoAIAAgentApplePageTest"/>
  <system-out/>
  <testcase name="SubmitTalktoAIAAgentSelectAIACustomerNo_WithEmailOption_LoginViaApple" time="100.973" classname="com.pom.crimson.testcases.TalktoAIAAgent.TalktoAIAAgentApplePageTest"/>
  <system-out/>
  <testcase name="SubmitTalktoAIAAgentSelectAIACustomerYes_WithPhoneOption_LoginViaApple" time="112.042" classname="com.pom.crimson.testcases.TalktoAIAAgent.TalktoAIAAgentApplePageTest"/>
  <system-out/>
  <testcase name="SubmitTalktoAIAAgentSelectAIACustomerNo_WithPhoneOption_LoginViaApple" time="111.922" classname="com.pom.crimson.testcases.TalktoAIAAgent.TalktoAIAAgentApplePageTest"/>
  <system-out/>
</testsuite> <!-- com.pom.crimson.testcases.TalktoAIAAgent.TalktoAIAAgentApplePageTest -->
