<?xml version="1.0" encoding="UTF-8"?>
<!-- Generated by org.testng.reporters.JUnitReportReporter -->
<testsuite skipped="0" hostname="LTPCHE102076955" name="com.pom.crimson.testcases.explore.smoke.ExplorePageTest" tests="4" failures="0" timestamp="2021-01-03T08:46:26 IST" time="472.888" errors="0">
  <testcase name="verifyNavigationToBasedOnYourGroupsPage_ExplorePageTest" time="79.558" classname="com.pom.crimson.testcases.explore.smoke.ExplorePageTest"/>
  <system-out/>
  <testcase name="verifyClickInterestOnDiscoverMoreSection_ExplorePageTest" time="139.767" classname="com.pom.crimson.testcases.explore.smoke.ExplorePageTest"/>
  <system-out/>
  <testcase name="verifyClickingOfArticleInBasedOnIntrestSection_ExplorePageTest" time="165.338" classname="com.pom.crimson.testcases.explore.smoke.ExplorePageTest"/>
  <system-out/>
  <testcase name="verifyNavigationToContentPageBasedOnGroups_ExplorePageTest" time="88.225" classname="com.pom.crimson.testcases.explore.smoke.ExplorePageTest"/>
  <system-out/>
</testsuite> <!-- com.pom.crimson.testcases.explore.smoke.ExplorePageTest -->
