<?xml version="1.0" encoding="UTF-8"?>
<!-- Generated by org.testng.reporters.JUnitReportReporter -->
<testsuite hostname="LTPCHE082135946" failures="0" tests="7" name="com.pom.crimson.testcases.api.UserProfileControllerAPITest" time="5.345" errors="0" timestamp="2021-01-22T19:17:47 IST" skipped="0">
  <testcase classname="com.pom.crimson.testcases.api.UserProfileControllerAPITest" name="verifyGetProfilesAPI" time="0.352"/>
  <system-out/>
  <testcase classname="com.pom.crimson.testcases.api.UserProfileControllerAPITest" name="verifyGetProfilesArcheTypesAPI" time="0.823"/>
  <system-out/>
  <testcase classname="com.pom.crimson.testcases.api.UserProfileControllerAPITest" name="verifyGetProfilesContactbenefitsAPI" time="0.748"/>
  <system-out/>
  <testcase classname="com.pom.crimson.testcases.api.UserProfileControllerAPITest" name="verifyGetProfilesImageAPI" time="0.737"/>
  <system-out/>
  <testcase classname="com.pom.crimson.testcases.api.UserProfileControllerAPITest" name="verifyGetProfilesInterestsAPI" time="1.306"/>
  <system-out/>
  <testcase classname="com.pom.crimson.testcases.api.UserProfileControllerAPITest" name="verifyGetProfilesNpsAPI" time="0.700"/>
  <system-out/>
  <testcase classname="com.pom.crimson.testcases.api.UserProfileControllerAPITest" name="verifyGetProfilesRelatedPersonsAPI" time="0.679"/>
  <system-out/>
</testsuite> <!-- com.pom.crimson.testcases.api.UserProfileControllerAPITest -->
