<?xml version="1.0" encoding="UTF-8"?>
<!-- Generated by org.testng.reporters.JUnitReportReporter -->
<testsuite hostname="LTPCHE082135946" failures="0" tests="9" name="com.pom.crimson.testcases.api.ContentActionControllerAPITest" time="14.287" errors="0" timestamp="2021-01-22T19:17:47 IST" skipped="0">
  <testcase classname="com.pom.crimson.testcases.api.ContentActionControllerAPITest" name="postBookmarkcontent" time="2.748"/>
  <system-out/>
  <testcase classname="com.pom.crimson.testcases.api.ContentActionControllerAPITest" name="GetBookmarkProfileId" time="1.099"/>
  <system-out/>
  <testcase classname="com.pom.crimson.testcases.api.ContentActionControllerAPITest" name="putUnbookmarkProfileId" time="1.342"/>
  <system-out/>
  <testcase classname="com.pom.crimson.testcases.api.ContentActionControllerAPITest" name="postViewedcontent" time="1.949"/>
  <system-out/>
  <testcase classname="com.pom.crimson.testcases.api.ContentActionControllerAPITest" name="GetContentHistory" time="0.684"/>
  <system-out/>
  <testcase classname="com.pom.crimson.testcases.api.ContentActionControllerAPITest" name="postLikecontent" time="1.804"/>
  <system-out/>
  <testcase classname="com.pom.crimson.testcases.api.ContentActionControllerAPITest" name="GetLikeProfileId" time="1.500"/>
  <system-out/>
  <testcase classname="com.pom.crimson.testcases.api.ContentActionControllerAPITest" name="putUnlikeContent" time="1.610"/>
  <system-out/>
  <testcase classname="com.pom.crimson.testcases.api.ContentActionControllerAPITest" name="postcontentShare" time="1.551"/>
  <system-out/>
</testsuite> <!-- com.pom.crimson.testcases.api.ContentActionControllerAPITest -->
