<?xml version="1.0" encoding="UTF-8"?>
<!-- Generated by org.testng.reporters.JUnitReportReporter -->
<testsuite skipped="0" hostname="LTPCHE102076955" name="com.pom.crimson.testcases.momentlog.high.EmptyStateTest" tests="2" failures="0" timestamp="2021-01-03T08:46:26 IST" time="332.355" errors="0">
  <testcase name="verifyVaccineLogGrowthLogNotPresentGrandParent_EmptyStateTest" time="178.904" classname="com.pom.crimson.testcases.momentlog.high.EmptyStateTest"/>
  <system-out/>
  <testcase name="verifyVaccineLogGrowthLogNotPresentParent_EmptyStateTest" time="153.451" classname="com.pom.crimson.testcases.momentlog.high.EmptyStateTest"/>
  <system-out/>
</testsuite> <!-- com.pom.crimson.testcases.momentlog.high.EmptyStateTest -->
