<?xml version="1.0" encoding="UTF-8"?>
<!-- Generated by org.testng.reporters.JUnitReportReporter -->
<testsuite skipped="0" hostname="LTPCHE102076955" name="com.pom.crimson.testcases.Account.AccountEmailPageTest" tests="1" failures="0" timestamp="2021-01-14T01:08:21 IST" time="220.991" errors="0">
  <testcase name="VerifyManusInAccountScreenviaEmail" time="220.991" classname="com.pom.crimson.testcases.Account.AccountEmailPageTest"/>
  <system-out/>
</testsuite> <!-- com.pom.crimson.testcases.Account.AccountEmailPageTest -->
