<?xml version="1.0" encoding="UTF-8"?>
<!-- Generated by org.testng.reporters.JUnitReportReporter -->
<testsuite skipped="0" hostname="LTPCHE102076955" name="com.pom.crimson.testcases.ManageProfile.ManageProfileApplePageTest" tests="5" failures="0" timestamp="2021-01-04T03:50:58 IST" time="664.236" errors="0">
  <testcase name="OnboardingPHBSwitchArchetypeviaApple" time="116.309" classname="com.pom.crimson.testcases.ManageProfile.ManageProfileApplePageTest"/>
  <system-out/>
  <testcase name="OnboardingPRGSwitchArchetypedMaleFlowviaApple" time="131.298" classname="com.pom.crimson.testcases.ManageProfile.ManageProfileApplePageTest"/>
  <system-out/>
  <testcase name="SwitchArchetyped_NB_to_CC_viaApple" time="152.835" classname="com.pom.crimson.testcases.ManageProfile.ManageProfileApplePageTest"/>
  <system-out/>
  <testcase name="SwitchArchetyped_CC_to_PHB_viaApple" time="117.367" classname="com.pom.crimson.testcases.ManageProfile.ManageProfileApplePageTest"/>
  <system-out/>
  <testcase name="OnboardingPHBUpdateArchetypedMaleFlowviaApple" time="146.427" classname="com.pom.crimson.testcases.ManageProfile.ManageProfileApplePageTest"/>
  <system-out/>
</testsuite> <!-- com.pom.crimson.testcases.ManageProfile.ManageProfileApplePageTest -->
