<?xml version="1.0" encoding="UTF-8"?>
<!-- Generated by org.testng.reporters.JUnitReportReporter -->
<testsuite skipped="0" hostname="LTPCHE102076955" name="com.pom.crimson.testcases.explore.medium.HomePageCardTest" tests="4" failures="0" timestamp="2021-01-03T08:46:26 IST" time="502.892" errors="0">
  <testcase name="verifyDailyTipNewParents_HomePageCardTest" time="72.483" classname="com.pom.crimson.testcases.explore.medium.HomePageCardTest"/>
  <system-out/>
  <testcase name="verifyDailyTipParentToBe_HomePageCardTest" time="70.371" classname="com.pom.crimson.testcases.explore.medium.HomePageCardTest"/>
  <system-out/>
  <testcase name="verifyDailyTipPlanningBaby_HomePageCardTest" time="179.582" classname="com.pom.crimson.testcases.explore.medium.HomePageCardTest"/>
  <system-out/>
  <testcase name="verifyDailyTipExperiencedParents_HomePageCardTest" time="180.456" classname="com.pom.crimson.testcases.explore.medium.HomePageCardTest"/>
  <system-out/>
</testsuite> <!-- com.pom.crimson.testcases.explore.medium.HomePageCardTest -->
