<?xml version="1.0" encoding="UTF-8"?>
<!-- Generated by org.testng.reporters.JUnitReportReporter -->
<testsuite skipped="0" hostname="LTPCHE102076955" name="com.pom.crimson.testcases.momentlog.smoke.EmptyStateTest" tests="6" failures="0" timestamp="2021-01-03T08:46:27 IST" time="449.460" errors="0">
  <testcase name="verifyEmptyStateMomentsLogPage_EmptyStateTest" time="140.078" classname="com.pom.crimson.testcases.momentlog.smoke.EmptyStateTest"/>
  <system-out/>
  <testcase name="verifyAddYourFirstMomentButton_EmptyStateTest" time="39.952" classname="com.pom.crimson.testcases.momentlog.smoke.EmptyStateTest"/>
  <system-out/>
  <testcase name="verifyEmptyStateVaccineLogPage_EmptyStateTest" time="58.055" classname="com.pom.crimson.testcases.momentlog.smoke.EmptyStateTest"/>
  <system-out/>
  <testcase name="verifyEmptyStateGrowthLogPage_EmptyStateTest" time="61.152" classname="com.pom.crimson.testcases.momentlog.smoke.EmptyStateTest"/>
  <system-out/>
  <testcase name="verifyChildProfileToggleVaccineLog_EmptyStateTest" time="75.644" classname="com.pom.crimson.testcases.momentlog.smoke.EmptyStateTest"/>
  <system-out/>
  <testcase name="verifyChildProfileToggleGrowthLog_EmptyStateTest" time="74.579" classname="com.pom.crimson.testcases.momentlog.smoke.EmptyStateTest"/>
  <system-out/>
</testsuite> <!-- com.pom.crimson.testcases.momentlog.smoke.EmptyStateTest -->
