<?xml version="1.0" encoding="UTF-8"?>
<!-- Generated by org.testng.reporters.JUnitReportReporter -->
<testsuite hostname="LTPCHE082135946" failures="0" tests="3" name="com.pom.crimson.testcases.api.AIAOctaControllerAPITest" time="1.318" errors="0" timestamp="2021-01-22T19:17:48 IST" skipped="2">
  <testcase classname="com.pom.crimson.testcases.api.AIAOctaControllerAPITest" name="verifyGetUserAPI" time="1.318"/>
  <system-out/>
  <testcase classname="com.pom.crimson.testcases.api.AIAOctaControllerAPITest" name="verifyGetUserUserIdAPI">
    <skipped/>
  </testcase> <!-- verifyGetUserUserIdAPI -->
  <system-out/>
  <testcase classname="com.pom.crimson.testcases.api.AIAOctaControllerAPITest" name="verifyGetLogoutAPI">
    <skipped/>
  </testcase> <!-- verifyGetLogoutAPI -->
  <system-out/>
</testsuite> <!-- com.pom.crimson.testcases.api.AIAOctaControllerAPITest -->
