<?xml version="1.0" encoding="UTF-8"?>
<!-- Generated by org.testng.reporters.JUnitReportReporter -->
<testsuite skipped="0" hostname="LTPCHE102076955" name="com.pom.crimson.testcases.ContactUs.ContactUsApplePageTest" tests="1" failures="0" timestamp="2021-01-04T03:50:58 IST" time="46.161" errors="0">
  <testcase name="VerifyContactUs_LoginViaApple" time="46.161" classname="com.pom.crimson.testcases.ContactUs.ContactUsApplePageTest"/>
  <system-out/>
</testsuite> <!-- com.pom.crimson.testcases.ContactUs.ContactUsApplePageTest -->
