<?xml version="1.0" encoding="UTF-8"?>
<!-- Generated by org.testng.reporters.JUnitReportReporter -->
<testsuite hostname="LTPCHE082135946" failures="0" tests="2" name="com.pom.crimson.testcases.api.MilestonesControllerAPITest" time="4.815" errors="0" timestamp="2021-01-22T19:17:48 IST" skipped="0">
  <testcase classname="com.pom.crimson.testcases.api.MilestonesControllerAPITest" name="verifyGetMilestonesAPI" time="4.412"/>
  <system-out/>
  <testcase classname="com.pom.crimson.testcases.api.MilestonesControllerAPITest" name="verifyGetVaccineAPI" time="0.403"/>
  <system-out/>
</testsuite> <!-- com.pom.crimson.testcases.api.MilestonesControllerAPITest -->
