<?xml version="1.0" encoding="UTF-8"?>
<!-- Generated by org.testng.reporters.JUnitReportReporter -->
<testsuite skipped="0" hostname="LTPCHE102076955" name="com.pom.crimson.testcases.explore.high.BasedOnGroupsPageTest" tests="2" failures="0" timestamp="2021-01-03T08:46:26 IST" time="177.772" errors="0">
  <testcase name="userJoinGroup_BasedOnGroupsPageTest" time="29.530" classname="com.pom.crimson.testcases.explore.high.BasedOnGroupsPageTest"/>
  <system-out/>
  <testcase name="verifyWantMoreGroupRelatedSection_BasedOnGroupsPageTest" time="148.242" classname="com.pom.crimson.testcases.explore.high.BasedOnGroupsPageTest"/>
  <system-out/>
</testsuite> <!-- com.pom.crimson.testcases.explore.high.BasedOnGroupsPageTest -->
