<?xml version="1.0" encoding="UTF-8"?>
<!-- Generated by org.testng.reporters.JUnitReportReporter -->
<testsuite hostname="LTPCHE082135946" failures="0" tests="7" name="com.pom.crimson.testcases.api.ContentControllerAPITest" time="12.034" errors="0" timestamp="2021-01-22T19:17:47 IST" skipped="0">
  <testcase classname="com.pom.crimson.testcases.api.ContentControllerAPITest" name="verifyGetContentIdAPI" time="2.474"/>
  <system-out/>
  <testcase classname="com.pom.crimson.testcases.api.ContentControllerAPITest" name="verifyGetContentDailyTipProfileIdAPI" time="0.700"/>
  <system-out/>
  <testcase classname="com.pom.crimson.testcases.api.ContentControllerAPITest" name="verifyGetContentGroupProfileIdAPI" time="2.220"/>
  <system-out/>
  <testcase classname="com.pom.crimson.testcases.api.ContentControllerAPITest" name="verifyGetContentHomePageAPI" time="1.247"/>
  <system-out/>
  <testcase classname="com.pom.crimson.testcases.api.ContentControllerAPITest" name="verifyGetContentIdsAPI" time="1.586"/>
  <system-out/>
  <testcase classname="com.pom.crimson.testcases.api.ContentControllerAPITest" name="verifyGetContentProfileIdAPI" time="1.648"/>
  <system-out/>
  <testcase classname="com.pom.crimson.testcases.api.ContentControllerAPITest" name="verifyGetContentInterestNameAPI" time="2.159"/>
  <system-out/>
</testsuite> <!-- com.pom.crimson.testcases.api.ContentControllerAPITest -->
