<?xml version="1.0" encoding="UTF-8"?>
<!-- Generated by org.testng.reporters.JUnitReportReporter -->
<testsuite skipped="0" hostname="LTPCHE102076955" name="com.pom.crimson.testcases.explore.smoke.DiscoverTopicsPageTest" tests="2" failures="0" timestamp="2021-01-03T08:46:26 IST" time="77.088" errors="0">
  <testcase name="verifyNavigationToDiscoverTopicsPage_DiscoverTopicsPageTest" time="36.205" classname="com.pom.crimson.testcases.explore.smoke.DiscoverTopicsPageTest"/>
  <system-out/>
  <testcase name="verifyCrossBtn_DiscoverTopicsPageTest" time="40.883" classname="com.pom.crimson.testcases.explore.smoke.DiscoverTopicsPageTest"/>
  <system-out/>
</testsuite> <!-- com.pom.crimson.testcases.explore.smoke.DiscoverTopicsPageTest -->
