<?xml version="1.0" encoding="UTF-8"?>
<!-- Generated by org.testng.reporters.JUnitReportReporter -->
<testsuite skipped="0" hostname="LTPCHE102076955" name="com.pom.crimson.testcases.momentlog.high.AddNewMomentPageTest" tests="13" failures="0" timestamp="2021-01-03T08:46:26 IST" time="1679.825" errors="0">
  <testcase name="deleteAllData_AddNewMomentPageTest" time="43.793" classname="com.pom.crimson.testcases.momentlog.high.AddNewMomentPageTest"/>
  <system-out/>
  <testcase name="verifyPhotoLibraryToggle_AddNewMomentsPageTest" time="47.948" classname="com.pom.crimson.testcases.momentlog.high.AddNewMomentPageTest"/>
  <system-out/>
  <testcase name="verifyCameraToggle_AddNewMomentsPageTest" time="49.730" classname="com.pom.crimson.testcases.momentlog.high.AddNewMomentPageTest"/>
  <system-out/>
  <testcase name="verifyCameraAccept_AddNewMomentsPageTest" time="131.594" classname="com.pom.crimson.testcases.momentlog.high.AddNewMomentPageTest"/>
  <system-out/>
  <testcase name="verifyCameraReject_AddNewMomentsPageTest" time="131.822" classname="com.pom.crimson.testcases.momentlog.high.AddNewMomentPageTest"/>
  <system-out/>
  <testcase name="verifyCameraRetake_AddNewMomentsPageTest" time="115.176" classname="com.pom.crimson.testcases.momentlog.high.AddNewMomentPageTest"/>
  <system-out/>
  <testcase name="verifyManageProfileLink_AddNewMomentsPageTest" time="56.780" classname="com.pom.crimson.testcases.momentlog.high.AddNewMomentPageTest"/>
  <system-out/>
  <testcase name="verifyMomentCreationWithPregnancyMilestone_AddNewMomentsPageTest" time="143.602" classname="com.pom.crimson.testcases.momentlog.high.AddNewMomentPageTest"/>
  <system-out/>
  <testcase name="verifyMyselfTabForExperiencedParents_AddNewMomentsPageTest" time="232.311" classname="com.pom.crimson.testcases.momentlog.high.AddNewMomentPageTest"/>
  <system-out/>
  <testcase name="verifyMyselfTabForNewParents_AddNewMomentsPageTest" time="228.656" classname="com.pom.crimson.testcases.momentlog.high.AddNewMomentPageTest"/>
  <system-out/>
  <testcase name="verifyMyselfTabForParentToBe_AddNewMomentsPageTest" time="141.926" classname="com.pom.crimson.testcases.momentlog.high.AddNewMomentPageTest"/>
  <system-out/>
  <testcase name="verifyMyselfTabForPlanningBaby_AddNewMomentsPageTest" time="218.921" classname="com.pom.crimson.testcases.momentlog.high.AddNewMomentPageTest"/>
  <system-out/>
  <testcase name="verifyMomentCreationChildMilestoneNote_AddNewMomentPageTest" time="137.566" classname="com.pom.crimson.testcases.momentlog.high.AddNewMomentPageTest"/>
  <system-out/>
</testsuite> <!-- com.pom.crimson.testcases.momentlog.high.AddNewMomentPageTest -->
