<?xml version="1.0" encoding="UTF-8"?>
<!-- Generated by org.testng.reporters.JUnitReportReporter -->
<testsuite skipped="0" hostname="LTPCHE102076955" name="com.pom.crimson.testcases.Intro.IntroPageTest" tests="2" failures="0" timestamp="2021-01-15T00:40:27 IST" time="116.652" errors="0">
  <testcase name="verifySkipButtonInIntroScreen" time="24.917" classname="com.pom.crimson.testcases.Intro.IntroPageTest"/>
  <system-out/>
  <testcase name="verifyIntroScreen" time="91.735" classname="com.pom.crimson.testcases.Intro.IntroPageTest"/>
  <system-out/>
</testsuite> <!-- com.pom.crimson.testcases.Intro.IntroPageTest -->
