<?xml version="1.0" encoding="UTF-8"?>
<!-- Generated by org.testng.reporters.JUnitReportReporter -->
<testsuite skipped="0" hostname="LTPCHE102076955" name="com.pom.crimson.testcases.Logout.LogoutEmailPageTest" tests="1" failures="0" timestamp="2021-01-14T01:08:21 IST" time="62.047" errors="0">
  <testcase name="VerifyLogoutviaEmail" time="62.047" classname="com.pom.crimson.testcases.Logout.LogoutEmailPageTest"/>
  <system-out/>
</testsuite> <!-- com.pom.crimson.testcases.Logout.LogoutEmailPageTest -->
