<?xml version="1.0" encoding="UTF-8"?>
<!-- Generated by org.testng.reporters.JUnitReportReporter -->
<testsuite hostname="LTPCHE082135946" failures="0" tests="7" name="com.pom.crimson.testcases.api.MasterDataControllerAPITest" time="2.506" errors="0" timestamp="2021-01-22T19:17:47 IST" skipped="0">
  <testcase classname="com.pom.crimson.testcases.api.MasterDataControllerAPITest" name="verifyGetActiveBenefitsAPI" time="0.272"/>
  <system-out/>
  <testcase classname="com.pom.crimson.testcases.api.MasterDataControllerAPITest" name="verifyGetAppSettingsAPI" time="0.347"/>
  <system-out/>
  <testcase classname="com.pom.crimson.testcases.api.MasterDataControllerAPITest" name="verifyGetArcheTypesAPI" time="0.283"/>
  <system-out/>
  <testcase classname="com.pom.crimson.testcases.api.MasterDataControllerAPITest" name="verifyGetCountriesAPI" time="0.543"/>
  <system-out/>
  <testcase classname="com.pom.crimson.testcases.api.MasterDataControllerAPITest" name="verifyGetInterestsAPI" time="0.373"/>
  <system-out/>
  <testcase classname="com.pom.crimson.testcases.api.MasterDataControllerAPITest" name="verifyGetProvincesAPI" time="0.419"/>
  <system-out/>
  <testcase classname="com.pom.crimson.testcases.api.MasterDataControllerAPITest" name="verifyGetRelationshipsAPI" time="0.269"/>
  <system-out/>
</testsuite> <!-- com.pom.crimson.testcases.api.MasterDataControllerAPITest -->
