<?xml version="1.0" encoding="UTF-8"?>
<!-- Generated by org.testng.reporters.JUnitReportReporter -->
<testsuite skipped="0" hostname="LTPCHE102076955" name="com.pom.crimson.testcases.momentlog.medium.GrowthLogPageTest" tests="8" failures="0" timestamp="2021-01-03T08:46:26 IST" time="845.741" errors="0">
  <testcase name="deleteAllData_GrowthLogPageTest" time="41.737" classname="com.pom.crimson.testcases.momentlog.medium.GrowthLogPageTest"/>
  <system-out/>
  <testcase name="verifyMomentCreationWithImageHeight_GrowthLogPageTest" time="118.512" classname="com.pom.crimson.testcases.momentlog.medium.GrowthLogPageTest"/>
  <system-out/>
  <testcase name="verifyMomentCreationWithImageWeight_GrowthLogPageTest" time="131.043" classname="com.pom.crimson.testcases.momentlog.medium.GrowthLogPageTest"/>
  <system-out/>
  <testcase name="verifyMomentCreationWithWeight_GrowthLogPageTest" time="107.395" classname="com.pom.crimson.testcases.momentlog.medium.GrowthLogPageTest"/>
  <system-out/>
  <testcase name="verifyMomentCreationWithHeight_GrowthLogPageTest" time="108.009" classname="com.pom.crimson.testcases.momentlog.medium.GrowthLogPageTest"/>
  <system-out/>
  <testcase name="verifyMomentCreationWithHeightWeight_GrowthLogPageTest" time="132.017" classname="com.pom.crimson.testcases.momentlog.medium.GrowthLogPageTest"/>
  <system-out/>
  <testcase name="verifyGrandParentProfileNotPresent_GrowthLogPageTest" time="105.577" classname="com.pom.crimson.testcases.momentlog.medium.GrowthLogPageTest"/>
  <system-out/>
  <testcase name="verifyParentProfileNotPresent_GrowthLogPageTest" time="101.451" classname="com.pom.crimson.testcases.momentlog.medium.GrowthLogPageTest"/>
  <system-out/>
</testsuite> <!-- com.pom.crimson.testcases.momentlog.medium.GrowthLogPageTest -->
