<?xml version="1.0" encoding="UTF-8"?>
<!-- Generated by org.testng.reporters.JUnitReportReporter -->
<testsuite skipped="0" hostname="LTPCHE102076955" name="com.pom.crimson.testcases.explore.high.UpdateYourInterestPageTest" tests="3" failures="0" timestamp="2021-01-03T08:46:27 IST" time="377.498" errors="0">
  <testcase name="testDataCreationAssociatedTwoInterest_UpdateYourInterestPageTest" time="48.376" classname="com.pom.crimson.testcases.explore.high.UpdateYourInterestPageTest"/>
  <system-out/>
  <testcase name="verifyUpdateInterest_UpdateYourInterestPageTest" time="156.678" classname="com.pom.crimson.testcases.explore.high.UpdateYourInterestPageTest"/>
  <system-out/>
  <testcase name="verifyUpdateMultipleInterest_UpdateYourInterestPageTest" time="172.444" classname="com.pom.crimson.testcases.explore.high.UpdateYourInterestPageTest"/>
  <system-out/>
</testsuite> <!-- com.pom.crimson.testcases.explore.high.UpdateYourInterestPageTest -->
